<?xml version="1.0" encoding="UTF-8"?>
<!-- Generated by org.testng.reporters.JUnitReportReporter -->
<testsuite hostname="DESKTOP-MA558UH" failures="0" tests="7" name="test.day3" time="0.018" errors="1" timestamp="2021-09-03T19:50:10 IST" skipped="2">
  <testcase classname="test.day3" name="Mobilelogincarloan" time="0.004"/>
  <system-out/>
  <testcase classname="test.day3" name="Mobilelogincarloan" time="0.004"/>
  <system-out/>
  <testcase classname="test.day3" name="Weblogincarloan" time="0.002"/>
  <system-out/>
  <testcase classname="test.day3" name="Mobilesignupcarloan" time="0.000">
    <error message="
Parameter &#039;URL&#039; is required by @Test on method Mobilesignupcarloan but has not been marked @Optional or defined
in C:\Users\ABHIJOT KAUR\AppData\Local\Temp\testng-eclipse-1815186791\testng-customsuite.xml" type="org.testng.TestNGException">
      <![CDATA[org.testng.TestNGException: 
Parameter 'URL' is required by @Test on method Mobilesignupcarloan but has not been marked @Optional or defined
in C:\Users\ABHIJOT KAUR\AppData\Local\Temp\testng-eclipse-1815186791\testng-customsuite.xml
at org.testng.internal.Parameters.createParams(Parameters.java:270)
at org.testng.internal.Parameters.createParametersForMethod(Parameters.java:358)
at org.testng.internal.Parameters.createParameters(Parameters.java:700)
at org.testng.internal.Parameters.handleParameters(Parameters.java:884)
at org.testng.internal.Parameters.handleParameters(Parameters.java:740)
at org.testng.internal.ParameterHandler.handleParameters(ParameterHandler.java:59)
at org.testng.internal.ParameterHandler.createParameters(ParameterHandler.java:38)
at org.testng.internal.TestInvoker$MethodInvocationAgent.invoke(TestInvoker.java:791)
at org.testng.internal.TestInvoker.invokeTestMethods(TestInvoker.java:146)
at org.testng.internal.TestMethodWorker.invokeTestMethods(TestMethodWorker.java:146)
at org.testng.internal.TestMethodWorker.run(TestMethodWorker.java:128)
at java.base/java.util.ArrayList.forEach(ArrayList.java:1511)
at org.testng.TestRunner.privateRun(TestRunner.java:794)
at org.testng.TestRunner.run(TestRunner.java:596)
at org.testng.SuiteRunner.runTest(SuiteRunner.java:377)
at org.testng.SuiteRunner.runSequentially(SuiteRunner.java:371)
at org.testng.SuiteRunner.privateRun(SuiteRunner.java:332)
at org.testng.SuiteRunner.run(SuiteRunner.java:276)
at org.testng.SuiteRunnerWorker.runSuite(SuiteRunnerWorker.java:53)
at org.testng.SuiteRunnerWorker.run(SuiteRunnerWorker.java:96)
at org.testng.TestNG.runSuitesSequentially(TestNG.java:1212)
at org.testng.TestNG.runSuitesLocally(TestNG.java:1134)
at org.testng.TestNG.runSuites(TestNG.java:1063)
at org.testng.TestNG.run(TestNG.java:1031)
at org.testng.remote.AbstractRemoteTestNG.run(AbstractRemoteTestNG.java:115)
at org.testng.remote.RemoteTestNG.initAndRun(RemoteTestNG.java:251)
at org.testng.remote.RemoteTestNG.main(RemoteTestNG.java:77)
]]>
    </error>
  </testcase> <!-- Mobilesignupcarloan -->
  <system-out/>
  <testcase classname="test.day3" name="LoginAPIcarloan" time="0.000">
    <skipped/>
  </testcase> <!-- LoginAPIcarloan -->
  <system-out/>
  <testcase classname="test.day3" name="Mobilelogincarloan" time="0.008"/>
  <system-out/>
  <testcase classname="test.day3" name="Mobilesignincarloan">
    <skipped/>
  </testcase> <!-- Mobilesignincarloan -->
  <system-out/>
</testsuite> <!-- test.day3 -->
